HelloCardboard/Temp/gradleOut/launcher/build/intermediates/manifest_merge_blame_file/release/manifest-merger-blame-release-report.txt
1<?xml version="1.0" encoding="utf-8"?>
2<!-- GENERATED BY UNITY. REMOVE THIS COMMENT TO PREVENT OVERWRITING WHEN EXPORTING AGAIN -->
3<manifest xmlns:android="http://schemas.android.com/apk/res/android"
4    package="com.DefaultCompany.HelloCardboard"
5    android:installLocation="preferExternal"
6    android:versionCode="1"
7    android:versionName="0.1" >
8
9    <uses-sdk
10        android:minSdkVersion="24"
10-->src/main/AndroidManifest.xml
11        android:targetSdkVersion="30" />
11-->src/main/AndroidManifest.xml
12
13    <supports-screens
13-->src/main/AndroidManifest.xml:4:3-163
14        android:anyDensity="true"
14-->src/main/AndroidManifest.xml:4:135-160
15        android:largeScreens="true"
15-->src/main/AndroidManifest.xml:4:78-105
16        android:normalScreens="true"
16-->src/main/AndroidManifest.xml:4:49-77
17        android:smallScreens="true"
17-->src/main/AndroidManifest.xml:4:21-48
18        android:xlargeScreens="true" />
18-->src/main/AndroidManifest.xml:4:106-134
19
20    <uses-permission android:name="android.permission.INTERNET" />
20-->[:unityLibrary] AndroidManifest.xml:15:5-67
20-->[:unityLibrary] AndroidManifest.xml:15:22-64
21
22    <uses-feature
22-->[:unityLibrary] AndroidManifest.xml:17:5-19:36
23        android:name="android.hardware.touchscreen"
23-->[:unityLibrary] AndroidManifest.xml:18:9-52
24        android:required="false" />
24-->[:unityLibrary] AndroidManifest.xml:19:9-33
25    <uses-feature
25-->[:unityLibrary] AndroidManifest.xml:20:5-22:36
26        android:name="android.hardware.touchscreen.multitouch"
26-->[:unityLibrary] AndroidManifest.xml:21:9-63
27        android:required="false" />
27-->[:unityLibrary] AndroidManifest.xml:22:9-33
28    <uses-feature
28-->[:unityLibrary] AndroidManifest.xml:23:5-25:36
29        android:name="android.hardware.touchscreen.multitouch.distinct"
29-->[:unityLibrary] AndroidManifest.xml:24:9-72
30        android:required="false" />
30-->[:unityLibrary] AndroidManifest.xml:25:9-33
31    <!--
32      #gles3 - glEsVersion is 0x00030000 for OpenGL ES 3.0 support. Change it to 0x00020000 if
33      only OpenGL ES 2.0 support is needed.
34    -->
35    <uses-feature
35-->[:sdk:] AndroidManifest.xml:15:5-17:35
36        android:glEsVersion="0x00030000"
36-->[:sdk:] AndroidManifest.xml:16:9-41
37        android:required="true" />
37-->[:sdk:] AndroidManifest.xml:17:9-32
38
39    <uses-permission android:name="android.permission.CAMERA" />
39-->[:sdk:] AndroidManifest.xml:19:5-65
39-->[:sdk:] AndroidManifest.xml:19:22-62
40    <uses-permission android:name="android.permission.WRITE_EXTERNAL_STORAGE" />
40-->[:sdk:] AndroidManifest.xml:20:5-81
40-->[:sdk:] AndroidManifest.xml:20:22-78
41    <uses-permission android:name="android.permission.NFC" />
41-->[:sdk:] AndroidManifest.xml:22:5-62
41-->[:sdk:] AndroidManifest.xml:22:22-59
42
43    <application
43-->src/main/AndroidManifest.xml:5:3-116
44        android:appComponentFactory="androidx.core.app.CoreComponentFactory"
44-->[androidx.core:core:1.0.0] AndroidManifest.xml:22:18-86
45        android:extractNativeLibs="true"
45-->src/main/AndroidManifest.xml:5:16-48
46        android:icon="@mipmap/app_icon"
46-->src/main/AndroidManifest.xml:5:82-113
47        android:label="@string/app_name"
47-->src/main/AndroidManifest.xml:5:49-81
48        android:requestLegacyExternalStorage="true" >
48-->[:unityLibrary] AndroidManifest.xml:27:18-61
49        <activity
49-->[:unityLibrary] AndroidManifest.xml:28:9-48:20
50            android:name="com.unity3d.player.UnityPlayerActivity"
50-->[:unityLibrary] AndroidManifest.xml:29:13-66
51            android:configChanges="mcc|mnc|locale|touchscreen|keyboard|keyboardHidden|navigation|orientation|screenLayout|uiMode|screenSize|smallestScreenSize|fontScale|layoutDirection|density"
51-->[:unityLibrary] AndroidManifest.xml:30:13-194
52            android:hardwareAccelerated="false"
52-->[:unityLibrary] AndroidManifest.xml:31:13-48
53            android:launchMode="singleTask"
53-->[:unityLibrary] AndroidManifest.xml:32:13-44
54            android:resizeableActivity="false"
54-->[:unityLibrary] AndroidManifest.xml:33:13-47
55            android:screenOrientation="landscape"
55-->[:unityLibrary] AndroidManifest.xml:34:13-50
56            android:theme="@style/UnityThemeSelector" >
56-->[:unityLibrary] AndroidManifest.xml:35:13-54
57            <intent-filter>
57-->[:unityLibrary] AndroidManifest.xml:36:13-40:29
58                <action android:name="android.intent.action.MAIN" />
58-->[:unityLibrary] AndroidManifest.xml:37:17-69
58-->[:unityLibrary] AndroidManifest.xml:37:25-66
59
60                <category android:name="android.intent.category.LAUNCHER" />
60-->[:unityLibrary] AndroidManifest.xml:39:17-77
60-->[:unityLibrary] AndroidManifest.xml:39:27-74
61            </intent-filter>
62
63            <meta-data
63-->[:unityLibrary] AndroidManifest.xml:42:13-44:40
64                android:name="unityplayer.UnityActivity"
64-->[:unityLibrary] AndroidManifest.xml:43:17-57
65                android:value="true" />
65-->[:unityLibrary] AndroidManifest.xml:44:17-37
66            <meta-data
66-->[:unityLibrary] AndroidManifest.xml:45:13-47:40
67                android:name="android.notch_support"
67-->[:unityLibrary] AndroidManifest.xml:46:17-53
68                android:value="true" />
68-->[:unityLibrary] AndroidManifest.xml:47:17-37
69        </activity>
70
71        <meta-data
71-->[:unityLibrary] AndroidManifest.xml:50:9-52:33
72            android:name="unity.splash-mode"
72-->[:unityLibrary] AndroidManifest.xml:51:13-45
73            android:value="0" />
73-->[:unityLibrary] AndroidManifest.xml:52:13-30
74        <meta-data
74-->[:unityLibrary] AndroidManifest.xml:53:9-55:36
75            android:name="unity.splash-enable"
75-->[:unityLibrary] AndroidManifest.xml:54:13-47
76            android:value="True" />
76-->[:unityLibrary] AndroidManifest.xml:55:13-33
77        <meta-data
77-->[:unityLibrary] AndroidManifest.xml:56:9-58:37
78            android:name="unity.allow-resizable-window"
78-->[:unityLibrary] AndroidManifest.xml:57:13-56
79            android:value="False" />
79-->[:unityLibrary] AndroidManifest.xml:58:13-34
80        <meta-data
80-->[:unityLibrary] AndroidManifest.xml:59:9-61:50
81            android:name="notch.config"
81-->[:unityLibrary] AndroidManifest.xml:60:13-40
82            android:value="portrait|landscape" />
82-->[:unityLibrary] AndroidManifest.xml:61:13-47
83        <meta-data
83-->[:unityLibrary] AndroidManifest.xml:62:9-64:68
84            android:name="unity.build-id"
84-->[:unityLibrary] AndroidManifest.xml:63:13-42
85            android:value="0b40bfa9-3d84-46bd-8014-ddc8999ebb15" />
85-->[:unityLibrary] AndroidManifest.xml:64:13-65
86
87        <activity
87-->[:sdk:] AndroidManifest.xml:25:9-29:66
88            android:name="com.google.cardboard.sdk.QrCodeCaptureActivity"
88-->[:sdk:] AndroidManifest.xml:26:13-74
89            android:exported="false"
89-->[:sdk:] AndroidManifest.xml:27:13-37
90            android:label="@string/title_activity_qr_code_capture"
90-->[:sdk:] AndroidManifest.xml:28:13-67
91            android:theme="@style/Theme.AppCompat.NoActionBar" />
91-->[:sdk:] AndroidManifest.xml:29:13-63
92        <!--
93          Activity whose sole purpose is to update Cardboard device params when a Cardboard V1
94          NFC tag is detected.
95        -->
96        <activity
96-->[:sdk:] AndroidManifest.xml:35:9-48:20
97            android:name="com.google.cardboard.sdk.HeadsetDetectionActivity"
97-->[:sdk:] AndroidManifest.xml:36:13-77
98            android:exported="true"
98-->[:sdk:] AndroidManifest.xml:37:13-36
99            android:label="@string/headset_detection_activity_title" >
99-->[:sdk:] AndroidManifest.xml:38:13-69
100
101            <!-- Handles the Cardboard V1 NFC tag released at Google I/O 2014. -->
102            <intent-filter>
102-->[:sdk:] AndroidManifest.xml:41:13-47:29
103                <action android:name="android.nfc.action.NDEF_DISCOVERED" />
103-->[:sdk:] AndroidManifest.xml:42:17-77
103-->[:sdk:] AndroidManifest.xml:42:25-74
104
105                <category android:name="android.intent.category.DEFAULT" />
105-->[:sdk:] AndroidManifest.xml:44:17-76
105-->[:sdk:] AndroidManifest.xml:44:27-73
106
107                <data android:scheme="cardboard" />
107-->[:sdk:] AndroidManifest.xml:46:17-52
107-->[:sdk:] AndroidManifest.xml:46:23-49
108            </intent-filter>
109        </activity>
110        <activity
110-->[com.google.android.gms:play-services-base:15.0.1] AndroidManifest.xml:23:9-26:75
111            android:name="com.google.android.gms.common.api.GoogleApiActivity"
111-->[com.google.android.gms:play-services-base:15.0.1] AndroidManifest.xml:24:13-79
112            android:exported="false"
112-->[com.google.android.gms:play-services-base:15.0.1] AndroidManifest.xml:25:13-37
113            android:theme="@android:style/Theme.Translucent.NoTitleBar" />
113-->[com.google.android.gms:play-services-base:15.0.1] AndroidManifest.xml:26:13-72
114
115        <meta-data
115-->[com.google.android.gms:play-services-basement:15.0.1] AndroidManifest.xml:23:9-25:69
116            android:name="com.google.android.gms.version"
116-->[com.google.android.gms:play-services-basement:15.0.1] AndroidManifest.xml:24:13-58
117            android:value="@integer/google_play_services_version" />
117-->[com.google.android.gms:play-services-basement:15.0.1] AndroidManifest.xml:25:13-66
118    </application>
119
120</manifest>